<?xml version="1.0" encoding="UTF-8"?>
<!-- Generated by org.testng.reporters.JUnitReportReporter -->
<testsuite hostname="lgvn14742" failures="0" tests="1" name="Railway.test.Exe_testNG_chapter_5" time="5.940" errors="0" timestamp="2023-11-20T16:53:30 ICT" skipped="0">
  <testcase classname="Railway.test.Exe_testNG_chapter_5" name="TC01" time="5.940"/>
  <system-out/>
</testsuite> <!-- Railway.test.Exe_testNG_chapter_5 -->
