<?xml version="1.0" encoding="UTF-8"?>
<!-- Generated by org.testng.reporters.JUnitReportReporter -->
<testsuite hostname="lgvn14742" failures="0" tests="4" name="Railway.test.TC04" time="6.659" errors="0" timestamp="2023-12-01T13:27:10 ICT" skipped="0">
  <testcase classname="Railway.test.TC04" name="enter" time="1.906"/>
  <system-out/>
  <testcase classname="Railway.test.TC04" name="enter" time="1.504"/>
  <system-out/>
  <testcase classname="Railway.test.TC04" name="enter" time="1.607"/>
  <system-out/>
  <testcase classname="Railway.test.TC04" name="enter" time="1.642"/>
  <system-out/>
</testsuite> <!-- Railway.test.TC04 -->
